Building DAG of jobs...
Full Traceback (most recent call last):
  File "/fast/users/a1673472/.conda/envs/snakemake/lib/python3.7/site-packages/snakemake/__init__.py", line 624, in snakemake
    batch=batch,
  File "/fast/users/a1673472/.conda/envs/snakemake/lib/python3.7/site-packages/snakemake/workflow.py", line 549, in execute
    dag.init()
  File "/fast/users/a1673472/.conda/envs/snakemake/lib/python3.7/site-packages/snakemake/dag.py", line 168, in init
    job = self.update([job], progress=progress)
  File "/fast/users/a1673472/.conda/envs/snakemake/lib/python3.7/site-packages/snakemake/dag.py", line 728, in update
    raise exceptions[0]
  File "/fast/users/a1673472/.conda/envs/snakemake/lib/python3.7/site-packages/snakemake/dag.py", line 693, in update
    progress=progress,
  File "/fast/users/a1673472/.conda/envs/snakemake/lib/python3.7/site-packages/snakemake/dag.py", line 779, in update_
    raise ex
  File "/fast/users/a1673472/.conda/envs/snakemake/lib/python3.7/site-packages/snakemake/dag.py", line 769, in update_
    progress=progress,
  File "/fast/users/a1673472/.conda/envs/snakemake/lib/python3.7/site-packages/snakemake/dag.py", line 728, in update
    raise exceptions[0]
  File "/fast/users/a1673472/.conda/envs/snakemake/lib/python3.7/site-packages/snakemake/dag.py", line 693, in update
    progress=progress,
  File "/fast/users/a1673472/.conda/envs/snakemake/lib/python3.7/site-packages/snakemake/dag.py", line 800, in update_
    raise MissingInputException(job.rule, missing_input)
snakemake.exceptions.MissingInputException: Missing input files for rule fastqc_raw:
../0_fastq/Kont_S1_R1.fastq.gz

MissingInputException in line 54 of /fast/users/a1673472/Hv_RNASeqFromGerman/snakemake/Snakefile:
Missing input files for rule fastqc_raw:
../0_fastq/Kont_S1_R1.fastq.gz
unlocking
removed all locks
