                                 Started job on |	Feb 28 13:38:09
                             Started mapping on |	Feb 28 13:41:17
                                    Finished on |	Feb 28 13:52:03
       Mapping speed, Million of reads per hour |	278.21

                          Number of input reads |	49924027
                      Average input read length |	155
                                    UNIQUE READS:
                   Uniquely mapped reads number |	37850197
                        Uniquely mapped reads % |	75.82%
                          Average mapped length |	155.71
                       Number of splices: Total |	9636090
            Number of splices: Annotated (sjdb) |	0
                       Number of splices: GT/AG |	9496576
                       Number of splices: GC/AG |	130556
                       Number of splices: AT/AC |	4863
               Number of splices: Non-canonical |	4095
                      Mismatch rate per base, % |	0.21%
                         Deletion rate per base |	0.02%
                        Deletion average length |	2.61
                        Insertion rate per base |	0.01%
                       Insertion average length |	1.97
                             MULTI-MAPPING READS:
        Number of reads mapped to multiple loci |	945422
             % of reads mapped to multiple loci |	1.89%
        Number of reads mapped to too many loci |	1863167
             % of reads mapped to too many loci |	3.73%
                                  UNMAPPED READS:
  Number of reads unmapped: too many mismatches |	9590
       % of reads unmapped: too many mismatches |	0.02%
            Number of reads unmapped: too short |	8251246
                 % of reads unmapped: too short |	16.53%
                Number of reads unmapped: other |	1004405
                     % of reads unmapped: other |	2.01%
                                  CHIMERIC READS:
                       Number of chimeric reads |	0
                            % of chimeric reads |	0.00%
