                                 Started job on |	Feb 28 13:38:08
                             Started mapping on |	Feb 28 13:41:17
                                    Finished on |	Feb 28 13:50:17
       Mapping speed, Million of reads per hour |	205.63

                          Number of input reads |	30844035
                      Average input read length |	155
                                    UNIQUE READS:
                   Uniquely mapped reads number |	23763522
                        Uniquely mapped reads % |	77.04%
                          Average mapped length |	155.69
                       Number of splices: Total |	5957201
            Number of splices: Annotated (sjdb) |	0
                       Number of splices: GT/AG |	5874423
                       Number of splices: GC/AG |	77330
                       Number of splices: AT/AC |	3038
               Number of splices: Non-canonical |	2410
                      Mismatch rate per base, % |	0.21%
                         Deletion rate per base |	0.02%
                        Deletion average length |	2.56
                        Insertion rate per base |	0.01%
                       Insertion average length |	1.94
                             MULTI-MAPPING READS:
        Number of reads mapped to multiple loci |	491193
             % of reads mapped to multiple loci |	1.59%
        Number of reads mapped to too many loci |	760343
             % of reads mapped to too many loci |	2.47%
                                  UNMAPPED READS:
  Number of reads unmapped: too many mismatches |	4640
       % of reads unmapped: too many mismatches |	0.02%
            Number of reads unmapped: too short |	5373757
                 % of reads unmapped: too short |	17.42%
                Number of reads unmapped: other |	450580
                     % of reads unmapped: other |	1.46%
                                  CHIMERIC READS:
                       Number of chimeric reads |	0
                            % of chimeric reads |	0.00%
