                                 Started job on |	Feb 28 13:38:10
                             Started mapping on |	Feb 28 13:41:17
                                    Finished on |	Feb 28 13:52:42
       Mapping speed, Million of reads per hour |	304.35

                          Number of input reads |	57910455
                      Average input read length |	155
                                    UNIQUE READS:
                   Uniquely mapped reads number |	47539121
                        Uniquely mapped reads % |	82.09%
                          Average mapped length |	155.69
                       Number of splices: Total |	12555112
            Number of splices: Annotated (sjdb) |	0
                       Number of splices: GT/AG |	12394828
                       Number of splices: GC/AG |	149647
                       Number of splices: AT/AC |	6614
               Number of splices: Non-canonical |	4023
                      Mismatch rate per base, % |	0.20%
                         Deletion rate per base |	0.02%
                        Deletion average length |	2.72
                        Insertion rate per base |	0.01%
                       Insertion average length |	2.02
                             MULTI-MAPPING READS:
        Number of reads mapped to multiple loci |	1020685
             % of reads mapped to multiple loci |	1.76%
        Number of reads mapped to too many loci |	1034318
             % of reads mapped to too many loci |	1.79%
                                  UNMAPPED READS:
  Number of reads unmapped: too many mismatches |	7949
       % of reads unmapped: too many mismatches |	0.01%
            Number of reads unmapped: too short |	7757357
                 % of reads unmapped: too short |	13.40%
                Number of reads unmapped: other |	551025
                     % of reads unmapped: other |	0.95%
                                  CHIMERIC READS:
                       Number of chimeric reads |	0
                            % of chimeric reads |	0.00%
