                                 Started job on |	Feb 28 13:38:08
                             Started mapping on |	Feb 28 13:41:17
                                    Finished on |	Feb 28 13:51:47
       Mapping speed, Million of reads per hour |	253.01

                          Number of input reads |	44276658
                      Average input read length |	155
                                    UNIQUE READS:
                   Uniquely mapped reads number |	36269946
                        Uniquely mapped reads % |	81.92%
                          Average mapped length |	155.66
                       Number of splices: Total |	9501482
            Number of splices: Annotated (sjdb) |	0
                       Number of splices: GT/AG |	9380634
                       Number of splices: GC/AG |	112477
                       Number of splices: AT/AC |	5064
               Number of splices: Non-canonical |	3307
                      Mismatch rate per base, % |	0.21%
                         Deletion rate per base |	0.02%
                        Deletion average length |	2.59
                        Insertion rate per base |	0.01%
                       Insertion average length |	1.95
                             MULTI-MAPPING READS:
        Number of reads mapped to multiple loci |	796111
             % of reads mapped to multiple loci |	1.80%
        Number of reads mapped to too many loci |	870694
             % of reads mapped to too many loci |	1.97%
                                  UNMAPPED READS:
  Number of reads unmapped: too many mismatches |	7193
       % of reads unmapped: too many mismatches |	0.02%
            Number of reads unmapped: too short |	5856155
                 % of reads unmapped: too short |	13.23%
                Number of reads unmapped: other |	476559
                     % of reads unmapped: other |	1.08%
                                  CHIMERIC READS:
                       Number of chimeric reads |	0
                            % of chimeric reads |	0.00%
