                                 Started job on |	Feb 28 13:38:08
                             Started mapping on |	Feb 28 13:41:17
                                    Finished on |	Feb 28 13:52:20
       Mapping speed, Million of reads per hour |	247.18

                          Number of input reads |	45522079
                      Average input read length |	155
                                    UNIQUE READS:
                   Uniquely mapped reads number |	36296680
                        Uniquely mapped reads % |	79.73%
                          Average mapped length |	155.70
                       Number of splices: Total |	9621780
            Number of splices: Annotated (sjdb) |	0
                       Number of splices: GT/AG |	9496912
                       Number of splices: GC/AG |	115819
                       Number of splices: AT/AC |	5259
               Number of splices: Non-canonical |	3790
                      Mismatch rate per base, % |	0.20%
                         Deletion rate per base |	0.02%
                        Deletion average length |	2.61
                        Insertion rate per base |	0.01%
                       Insertion average length |	2.00
                             MULTI-MAPPING READS:
        Number of reads mapped to multiple loci |	868045
             % of reads mapped to multiple loci |	1.91%
        Number of reads mapped to too many loci |	1646142
             % of reads mapped to too many loci |	3.62%
                                  UNMAPPED READS:
  Number of reads unmapped: too many mismatches |	6429
       % of reads unmapped: too many mismatches |	0.01%
            Number of reads unmapped: too short |	5797600
                 % of reads unmapped: too short |	12.74%
                Number of reads unmapped: other |	907183
                     % of reads unmapped: other |	1.99%
                                  CHIMERIC READS:
                       Number of chimeric reads |	0
                            % of chimeric reads |	0.00%
