                                 Started job on |	Feb 28 13:38:08
                             Started mapping on |	Feb 28 13:41:17
                                    Finished on |	Feb 28 13:51:28
       Mapping speed, Million of reads per hour |	278.57

                          Number of input reads |	47279563
                      Average input read length |	155
                                    UNIQUE READS:
                   Uniquely mapped reads number |	37796249
                        Uniquely mapped reads % |	79.94%
                          Average mapped length |	155.69
                       Number of splices: Total |	9730148
            Number of splices: Annotated (sjdb) |	0
                       Number of splices: GT/AG |	9591584
                       Number of splices: GC/AG |	129617
                       Number of splices: AT/AC |	5004
               Number of splices: Non-canonical |	3943
                      Mismatch rate per base, % |	0.21%
                         Deletion rate per base |	0.02%
                        Deletion average length |	2.52
                        Insertion rate per base |	0.01%
                       Insertion average length |	1.91
                             MULTI-MAPPING READS:
        Number of reads mapped to multiple loci |	901594
             % of reads mapped to multiple loci |	1.91%
        Number of reads mapped to too many loci |	1393415
             % of reads mapped to too many loci |	2.95%
                                  UNMAPPED READS:
  Number of reads unmapped: too many mismatches |	7724
       % of reads unmapped: too many mismatches |	0.02%
            Number of reads unmapped: too short |	6496119
                 % of reads unmapped: too short |	13.74%
                Number of reads unmapped: other |	684462
                     % of reads unmapped: other |	1.45%
                                  CHIMERIC READS:
                       Number of chimeric reads |	0
                            % of chimeric reads |	0.00%
