                                 Started job on |	Feb 28 13:38:08
                             Started mapping on |	Feb 28 13:41:17
                                    Finished on |	Feb 28 13:52:15
       Mapping speed, Million of reads per hour |	232.84

                          Number of input reads |	42558453
                      Average input read length |	155
                                    UNIQUE READS:
                   Uniquely mapped reads number |	30355458
                        Uniquely mapped reads % |	71.33%
                          Average mapped length |	155.68
                       Number of splices: Total |	7868996
            Number of splices: Annotated (sjdb) |	0
                       Number of splices: GT/AG |	7766385
                       Number of splices: GC/AG |	95594
                       Number of splices: AT/AC |	4224
               Number of splices: Non-canonical |	2793
                      Mismatch rate per base, % |	0.21%
                         Deletion rate per base |	0.02%
                        Deletion average length |	2.64
                        Insertion rate per base |	0.01%
                       Insertion average length |	1.92
                             MULTI-MAPPING READS:
        Number of reads mapped to multiple loci |	1045089
             % of reads mapped to multiple loci |	2.46%
        Number of reads mapped to too many loci |	2774259
             % of reads mapped to too many loci |	6.52%
                                  UNMAPPED READS:
  Number of reads unmapped: too many mismatches |	5940
       % of reads unmapped: too many mismatches |	0.01%
            Number of reads unmapped: too short |	6811369
                 % of reads unmapped: too short |	16.00%
                Number of reads unmapped: other |	1566338
                     % of reads unmapped: other |	3.68%
                                  CHIMERIC READS:
                       Number of chimeric reads |	0
                            % of chimeric reads |	0.00%
